14:00:28 **** Incremental Build of configuration Nios II for project final_bsp ****
make all 
[BSP build complete]
14:00:30 **** Incremental Build of configuration Nios II for project final ****
make all 
Info: Building ../final_bsp/
D:/Installation_location/quartus/nios2eds/bin/gnu/H-x86_64-mingw32/bin/make --no-print-directory -C ../final_bsp/
[BSP build complete]
[final build complete]
14:00:31 **** Incremental Build of configuration Nios II for project final_bsp ****
make all 
[BSP build complete]
14:00:42 **** Incremental Build of configuration Nios II for project final ****
make all 
Info: Building ../final_bsp/
D:/Installation_location/quartus/nios2eds/bin/gnu/H-x86_64-mingw32/bin/make --no-print-directory -C ../final_bsp/
[BSP build complete]
[final build complete]
14:01:34 **** Incremental Build of configuration Nios II for project final ****
make all 
Info: Building ../final_bsp/
D:/Installation_location/quartus/nios2eds/bin/gnu/H-x86_64-mingw32/bin/make --no-print-directory -C ../final_bsp/
[BSP build complete]
[final build complete]
14:01:35 **** Incremental Build of configuration Nios II for project final_bsp ****
make all 
[BSP build complete]
14:01:47 **** Incremental Build of configuration Nios II for project final ****
make all 
Info: Building ../final_bsp/
D:/Installation_location/quartus/nios2eds/bin/gnu/H-x86_64-mingw32/bin/make --no-print-directory -C ../final_bsp/
[BSP build complete]
[final build complete]
14:08:21 **** Incremental Build of configuration Nios II for project final ****
make all 
Info: Building ../final_bsp/
D:/Installation_location/quartus/nios2eds/bin/gnu/H-x86_64-mingw32/bin/make --no-print-directory -C ../final_bsp/
[BSP build complete]
[final build complete]
14:16:49 **** Incremental Build of configuration Nios II for project final ****
make all 
Info: Building ../final_bsp/
D:/Installation_location/quartus/nios2eds/bin/gnu/H-x86_64-mingw32/bin/make --no-print-directory -C ../final_bsp/
[BSP build complete]
Info: Compiling main.c to obj/default/main.o
nios2-elf-gcc -xc -MP -MMD -c -I../final_bsp//HAL/inc -I../final_bsp/ -I../final_bsp//drivers/inc  -pipe -D__hal__ -DALT_NO_INSTRUCTION_EMULATION -DALT_SINGLE_THREADED    -O0 -g -Wall   -mno-hw-div -mno-hw-mul -mno-hw-mulx -mgpopt=global  -o obj/default/main.o main.c
Info: Linking final.elf
nios2-elf-g++  -T'../final_bsp//linker.x' -msys-crt0='../final_bsp//obj/HAL/src/crt0.o' -msys-lib=hal_bsp -L../final_bsp/   -Wl,-Map=final.map   -O0 -g -Wall   -mno-hw-div -mno-hw-mul -mno-hw-mulx -mgpopt=global  -o final.elf obj/default/HID.o obj/default/MAX3421E.o obj/default/main.o obj/default/transfer.o -lm -msys-lib=m
nios2-elf-insert final.elf --thread_model hal --cpu_name nios2_gen2_0 --qsys true --simulation_enabled false --id 0 --sidp 0x200 --timestamp 1679442077 --stderr_dev jtag_uart_0 --stdin_dev jtag_uart_0 --stdout_dev jtag_uart_0 --sopc_system_name lab62_soc --quartus_project_dir "D:/github_repositories/ECE385-SP23" --jdi ../..//output_files/adder2.jdi --sopcinfo D:/github_repositories/ECE385-SP23/software/final_bsp/../../lab62_soc.sopcinfo
Info: (final.elf) 82 KBytes program size (code + initialized data).
Info:             65446 KBytes free for stack + heap.
Info: Creating final.objdump
nios2-elf-objdump --disassemble --syms --all-header --source final.elf >final.objdump
[final build complete]
14:16:52 **** Incremental Build of configuration Nios II for project final_bsp ****
make all 
[BSP build complete]
14:17:04 **** Incremental Build of configuration Nios II for project final ****
make all 
Info: Building ../final_bsp/
D:/Installation_location/quartus/nios2eds/bin/gnu/H-x86_64-mingw32/bin/make --no-print-directory -C ../final_bsp/
[BSP build complete]
[final build complete]
14:32:47 **** Incremental Build of configuration Nios II for project final ****
make all 
Info: Building ../final_bsp/
D:/Installation_location/quartus/nios2eds/bin/gnu/H-x86_64-mingw32/bin/make --no-print-directory -C ../final_bsp/
[BSP build complete]
Info: Compiling main.c to obj/default/main.o
nios2-elf-gcc -xc -MP -MMD -c -I../final_bsp//HAL/inc -I../final_bsp/ -I../final_bsp//drivers/inc  -pipe -D__hal__ -DALT_NO_INSTRUCTION_EMULATION -DALT_SINGLE_THREADED    -O0 -g -Wall   -mno-hw-div -mno-hw-mul -mno-hw-mulx -mgpopt=global  -o obj/default/main.o main.c
Info: Linking final.elf
nios2-elf-g++  -T'../final_bsp//linker.x' -msys-crt0='../final_bsp//obj/HAL/src/crt0.o' -msys-lib=hal_bsp -L../final_bsp/   -Wl,-Map=final.map   -O0 -g -Wall   -mno-hw-div -mno-hw-mul -mno-hw-mulx -mgpopt=global  -o final.elf obj/default/HID.o obj/default/MAX3421E.o obj/default/main.o obj/default/transfer.o -lm -msys-lib=m
nios2-elf-insert final.elf --thread_model hal --cpu_name nios2_gen2_0 --qsys true --simulation_enabled false --id 0 --sidp 0x200 --timestamp 1679442077 --stderr_dev jtag_uart_0 --stdin_dev jtag_uart_0 --stdout_dev jtag_uart_0 --sopc_system_name lab62_soc --quartus_project_dir "D:/github_repositories/ECE385-SP23" --jdi ../..//output_files/adder2.jdi --sopcinfo D:/github_repositories/ECE385-SP23/software/final_bsp/../../lab62_soc.sopcinfo
Info: (final.elf) 82 KBytes program size (code + initialized data).
Info:             65446 KBytes free for stack + heap.
Info: Creating final.objdump
nios2-elf-objdump --disassemble --syms --all-header --source final.elf >final.objdump
[final build complete]
14:32:50 **** Incremental Build of configuration Nios II for project final_bsp ****
make all 
[BSP build complete]
14:32:58 **** Incremental Build of configuration Nios II for project final ****
make all 
Info: Building ../final_bsp/
D:/Installation_location/quartus/nios2eds/bin/gnu/H-x86_64-mingw32/bin/make --no-print-directory -C ../final_bsp/
[BSP build complete]
[final build complete]
14:39:07 **** Incremental Build of configuration Nios II for project final ****
make all 
Info: Building ../final_bsp/
D:/Installation_location/quartus/nios2eds/bin/gnu/H-x86_64-mingw32/bin/make --no-print-directory -C ../final_bsp/
[BSP build complete]
[final build complete]
14:39:08 **** Incremental Build of configuration Nios II for project final_bsp ****
make all 
[BSP build complete]
14:39:19 **** Incremental Build of configuration Nios II for project final ****
make all 
Info: Building ../final_bsp/
D:/Installation_location/quartus/nios2eds/bin/gnu/H-x86_64-mingw32/bin/make --no-print-directory -C ../final_bsp/
[BSP build complete]
[final build complete]
14:46:11 **** Incremental Build of configuration Nios II for project final ****
make all 
Info: Building ../final_bsp/
D:/Installation_location/quartus/nios2eds/bin/gnu/H-x86_64-mingw32/bin/make --no-print-directory -C ../final_bsp/
[BSP build complete]
Info: Compiling main.c to obj/default/main.o
nios2-elf-gcc -xc -MP -MMD -c -I../final_bsp//HAL/inc -I../final_bsp/ -I../final_bsp//drivers/inc  -pipe -D__hal__ -DALT_NO_INSTRUCTION_EMULATION -DALT_SINGLE_THREADED    -O0 -g -Wall   -mno-hw-div -mno-hw-mul -mno-hw-mulx -mgpopt=global  -o obj/default/main.o main.c
Info: Linking final.elf
nios2-elf-g++  -T'../final_bsp//linker.x' -msys-crt0='../final_bsp//obj/HAL/src/crt0.o' -msys-lib=hal_bsp -L../final_bsp/   -Wl,-Map=final.map   -O0 -g -Wall   -mno-hw-div -mno-hw-mul -mno-hw-mulx -mgpopt=global  -o final.elf obj/default/HID.o obj/default/MAX3421E.o obj/default/main.o obj/default/transfer.o -lm -msys-lib=m
nios2-elf-insert final.elf --thread_model hal --cpu_name nios2_gen2_0 --qsys true --simulation_enabled false --id 0 --sidp 0x200 --timestamp 1679442077 --stderr_dev jtag_uart_0 --stdin_dev jtag_uart_0 --stdout_dev jtag_uart_0 --sopc_system_name lab62_soc --quartus_project_dir "D:/github_repositories/ECE385-SP23" --jdi ../..//output_files/adder2.jdi --sopcinfo D:/github_repositories/ECE385-SP23/software/final_bsp/../../lab62_soc.sopcinfo
Info: (final.elf) 82 KBytes program size (code + initialized data).
Info:             65446 KBytes free for stack + heap.
Info: Creating final.objdump
nios2-elf-objdump --disassemble --syms --all-header --source final.elf >final.objdump
[final build complete]
14:46:13 **** Incremental Build of configuration Nios II for project final_bsp ****
make all 
[BSP build complete]
14:46:35 **** Incremental Build of configuration Nios II for project final ****
make all 
Info: Building ../final_bsp/
D:/Installation_location/quartus/nios2eds/bin/gnu/H-x86_64-mingw32/bin/make --no-print-directory -C ../final_bsp/
[BSP build complete]
[final build complete]
14:58:54 **** Incremental Build of configuration Nios II for project final ****
make all 
Info: Building ../final_bsp/
D:/Installation_location/quartus/nios2eds/bin/gnu/H-x86_64-mingw32/bin/make --no-print-directory -C ../final_bsp/
[BSP build complete]
Info: Compiling main.c to obj/default/main.o
nios2-elf-gcc -xc -MP -MMD -c -I../final_bsp//HAL/inc -I../final_bsp/ -I../final_bsp//drivers/inc  -pipe -D__hal__ -DALT_NO_INSTRUCTION_EMULATION -DALT_SINGLE_THREADED    -O0 -g -Wall   -mno-hw-div -mno-hw-mul -mno-hw-mulx -mgpopt=global  -o obj/default/main.o main.c
Info: Linking final.elf
nios2-elf-g++  -T'../final_bsp//linker.x' -msys-crt0='../final_bsp//obj/HAL/src/crt0.o' -msys-lib=hal_bsp -L../final_bsp/   -Wl,-Map=final.map   -O0 -g -Wall   -mno-hw-div -mno-hw-mul -mno-hw-mulx -mgpopt=global  -o final.elf obj/default/HID.o obj/default/MAX3421E.o obj/default/main.o obj/default/transfer.o -lm -msys-lib=m
nios2-elf-insert final.elf --thread_model hal --cpu_name nios2_gen2_0 --qsys true --simulation_enabled false --id 0 --sidp 0x200 --timestamp 1679442077 --stderr_dev jtag_uart_0 --stdin_dev jtag_uart_0 --stdout_dev jtag_uart_0 --sopc_system_name lab62_soc --quartus_project_dir "D:/github_repositories/ECE385-SP23" --jdi ../..//output_files/adder2.jdi --sopcinfo D:/github_repositories/ECE385-SP23/software/final_bsp/../../lab62_soc.sopcinfo
Info: (final.elf) 82 KBytes program size (code + initialized data).
Info:             65446 KBytes free for stack + heap.
Info: Creating final.objdump
nios2-elf-objdump --disassemble --syms --all-header --source final.elf >final.objdump
[final build complete]
14:58:56 **** Incremental Build of configuration Nios II for project final_bsp ****
make all 
[BSP build complete]
14:59:04 **** Incremental Build of configuration Nios II for project final ****
make all 
Info: Building ../final_bsp/
D:/Installation_location/quartus/nios2eds/bin/gnu/H-x86_64-mingw32/bin/make --no-print-directory -C ../final_bsp/
[BSP build complete]
[final build complete]
15:00:07 **** Incremental Build of configuration Nios II for project final ****
make all 
Info: Building ../final_bsp/
D:/Installation_location/quartus/nios2eds/bin/gnu/H-x86_64-mingw32/bin/make --no-print-directory -C ../final_bsp/
[BSP build complete]
[final build complete]
15:00:08 **** Incremental Build of configuration Nios II for project final_bsp ****
make all 
[BSP build complete]
15:00:20 **** Incremental Build of configuration Nios II for project final ****
make all 
Info: Building ../final_bsp/
D:/Installation_location/quartus/nios2eds/bin/gnu/H-x86_64-mingw32/bin/make --no-print-directory -C ../final_bsp/
[BSP build complete]
[final build complete]
15:04:53 **** Incremental Build of configuration Nios II for project final ****
make all 
Info: Building ../final_bsp/
D:/Installation_location/quartus/nios2eds/bin/gnu/H-x86_64-mingw32/bin/make --no-print-directory -C ../final_bsp/
[BSP build complete]
[final build complete]
15:04:54 **** Incremental Build of configuration Nios II for project final_bsp ****
make all 
[BSP build complete]
15:05:45 **** Incremental Build of configuration Nios II for project final ****
make all 
Info: Building ../final_bsp/
D:/Installation_location/quartus/nios2eds/bin/gnu/H-x86_64-mingw32/bin/make --no-print-directory -C ../final_bsp/
[BSP build complete]
[final build complete]
15:05:46 **** Incremental Build of configuration Nios II for project final_bsp ****
make all 
[BSP build complete]
15:05:55 **** Incremental Build of configuration Nios II for project final ****
make all 
Info: Building ../final_bsp/
D:/Installation_location/quartus/nios2eds/bin/gnu/H-x86_64-mingw32/bin/make --no-print-directory -C ../final_bsp/
[BSP build complete]
[final build complete]
15:25:13 **** Incremental Build of configuration Nios II for project final ****
make all 
Info: Building ../final_bsp/
D:/Installation_location/quartus/nios2eds/bin/gnu/H-x86_64-mingw32/bin/make --no-print-directory -C ../final_bsp/
[BSP build complete]
Info: Compiling main.c to obj/default/main.o
nios2-elf-gcc -xc -MP -MMD -c -I../final_bsp//HAL/inc -I../final_bsp/ -I../final_bsp//drivers/inc  -pipe -D__hal__ -DALT_NO_INSTRUCTION_EMULATION -DALT_SINGLE_THREADED    -O0 -g -Wall   -mno-hw-div -mno-hw-mul -mno-hw-mulx -mgpopt=global  -o obj/default/main.o main.c
Info: Linking final.elf
nios2-elf-g++  -T'../final_bsp//linker.x' -msys-crt0='../final_bsp//obj/HAL/src/crt0.o' -msys-lib=hal_bsp -L../final_bsp/   -Wl,-Map=final.map   -O0 -g -Wall   -mno-hw-div -mno-hw-mul -mno-hw-mulx -mgpopt=global  -o final.elf obj/default/HID.o obj/default/MAX3421E.o obj/default/main.o obj/default/transfer.o -lm -msys-lib=m
nios2-elf-insert final.elf --thread_model hal --cpu_name nios2_gen2_0 --qsys true --simulation_enabled false --id 0 --sidp 0x200 --timestamp 1679442077 --stderr_dev jtag_uart_0 --stdin_dev jtag_uart_0 --stdout_dev jtag_uart_0 --sopc_system_name lab62_soc --quartus_project_dir "D:/github_repositories/ECE385-SP23" --jdi ../..//output_files/adder2.jdi --sopcinfo D:/github_repositories/ECE385-SP23/software/final_bsp/../../lab62_soc.sopcinfo
Info: (final.elf) 82 KBytes program size (code + initialized data).
Info:             65446 KBytes free for stack + heap.
Info: Creating final.objdump
nios2-elf-objdump --disassemble --syms --all-header --source final.elf >final.objdump
[final build complete]
15:25:15 **** Incremental Build of configuration Nios II for project final_bsp ****
make all 
[BSP build complete]
15:25:22 **** Incremental Build of configuration Nios II for project final ****
make all 
Info: Building ../final_bsp/
D:/Installation_location/quartus/nios2eds/bin/gnu/H-x86_64-mingw32/bin/make --no-print-directory -C ../final_bsp/
[BSP build complete]
[final build complete]
15:25:31 **** Incremental Build of configuration Nios II for project final ****
make all 
Info: Building ../final_bsp/
D:/Installation_location/quartus/nios2eds/bin/gnu/H-x86_64-mingw32/bin/make --no-print-directory -C ../final_bsp/
[BSP build complete]
[final build complete]
15:29:28 **** Incremental Build of configuration Nios II for project final ****
make all 
Info: Building ../final_bsp/
D:/Installation_location/quartus/nios2eds/bin/gnu/H-x86_64-mingw32/bin/make --no-print-directory -C ../final_bsp/
[BSP build complete]
[final build complete]
15:29:29 **** Incremental Build of configuration Nios II for project final_bsp ****
make all 
[BSP build complete]
15:29:45 **** Incremental Build of configuration Nios II for project final ****
make all 
Info: Building ../final_bsp/
D:/Installation_location/quartus/nios2eds/bin/gnu/H-x86_64-mingw32/bin/make --no-print-directory -C ../final_bsp/
[BSP build complete]
[final build complete]
15:45:02 **** Incremental Build of configuration Nios II for project final ****
make all 
Info: Building ../final_bsp/
D:/Installation_location/quartus/nios2eds/bin/gnu/H-x86_64-mingw32/bin/make --no-print-directory -C ../final_bsp/
[BSP build complete]
Info: Compiling main.c to obj/default/main.o
nios2-elf-gcc -xc -MP -MMD -c -I../final_bsp//HAL/inc -I../final_bsp/ -I../final_bsp//drivers/inc  -pipe -D__hal__ -DALT_NO_INSTRUCTION_EMULATION -DALT_SINGLE_THREADED    -O0 -g -Wall   -mno-hw-div -mno-hw-mul -mno-hw-mulx -mgpopt=global  -o obj/default/main.o main.c
Info: Linking final.elf
nios2-elf-g++  -T'../final_bsp//linker.x' -msys-crt0='../final_bsp//obj/HAL/src/crt0.o' -msys-lib=hal_bsp -L../final_bsp/   -Wl,-Map=final.map   -O0 -g -Wall   -mno-hw-div -mno-hw-mul -mno-hw-mulx -mgpopt=global  -o final.elf obj/default/HID.o obj/default/MAX3421E.o obj/default/main.o obj/default/transfer.o -lm -msys-lib=m
nios2-elf-insert final.elf --thread_model hal --cpu_name nios2_gen2_0 --qsys true --simulation_enabled false --id 0 --sidp 0x200 --timestamp 1679442077 --stderr_dev jtag_uart_0 --stdin_dev jtag_uart_0 --stdout_dev jtag_uart_0 --sopc_system_name lab62_soc --quartus_project_dir "D:/github_repositories/ECE385-SP23" --jdi ../..//output_files/adder2.jdi --sopcinfo D:/github_repositories/ECE385-SP23/software/final_bsp/../../lab62_soc.sopcinfo
Info: (final.elf) 83 KBytes program size (code + initialized data).
Info:             65446 KBytes free for stack + heap.
Info: Creating final.objdump
nios2-elf-objdump --disassemble --syms --all-header --source final.elf >final.objdump
[final build complete]
15:45:05 **** Incremental Build of configuration Nios II for project final_bsp ****
make all 
[BSP build complete]
15:45:14 **** Incremental Build of configuration Nios II for project final ****
make all 
Info: Building ../final_bsp/
D:/Installation_location/quartus/nios2eds/bin/gnu/H-x86_64-mingw32/bin/make --no-print-directory -C ../final_bsp/
[BSP build complete]
[final build complete]
15:50:35 **** Incremental Build of configuration Nios II for project final ****
make all 
Info: Building ../final_bsp/
D:/Installation_location/quartus/nios2eds/bin/gnu/H-x86_64-mingw32/bin/make --no-print-directory -C ../final_bsp/
[BSP build complete]
[final build complete]
15:50:36 **** Incremental Build of configuration Nios II for project final_bsp ****
make all 
[BSP build complete]
15:50:53 **** Incremental Build of configuration Nios II for project final ****
make all 
Info: Building ../final_bsp/
D:/Installation_location/quartus/nios2eds/bin/gnu/H-x86_64-mingw32/bin/make --no-print-directory -C ../final_bsp/
[BSP build complete]
[final build complete]
15:55:29 **** Incremental Build of configuration Nios II for project final ****
make all 
Info: Building ../final_bsp/
D:/Installation_location/quartus/nios2eds/bin/gnu/H-x86_64-mingw32/bin/make --no-print-directory -C ../final_bsp/
[BSP build complete]
[final build complete]
15:55:30 **** Incremental Build of configuration Nios II for project final_bsp ****
make all 
[BSP build complete]
15:55:39 **** Incremental Build of configuration Nios II for project final ****
make all 
Info: Building ../final_bsp/
D:/Installation_location/quartus/nios2eds/bin/gnu/H-x86_64-mingw32/bin/make --no-print-directory -C ../final_bsp/
[BSP build complete]
[final build complete]
16:05:12 **** Incremental Build of configuration Nios II for project final ****
make all 
Info: Building ../final_bsp/
D:/Installation_location/quartus/nios2eds/bin/gnu/H-x86_64-mingw32/bin/make --no-print-directory -C ../final_bsp/
[BSP build complete]
[final build complete]
16:05:13 **** Incremental Build of configuration Nios II for project final_bsp ****
make all 
[BSP build complete]
16:05:23 **** Incremental Build of configuration Nios II for project final ****
make all 
Info: Building ../final_bsp/
D:/Installation_location/quartus/nios2eds/bin/gnu/H-x86_64-mingw32/bin/make --no-print-directory -C ../final_bsp/
[BSP build complete]
[final build complete]
16:10:06 **** Incremental Build of configuration Nios II for project final ****
make all 
Info: Building ../final_bsp/
D:/Installation_location/quartus/nios2eds/bin/gnu/H-x86_64-mingw32/bin/make --no-print-directory -C ../final_bsp/
[BSP build complete]
[final build complete]
16:10:07 **** Incremental Build of configuration Nios II for project final_bsp ****
make all 
[BSP build complete]
16:10:47 **** Incremental Build of configuration Nios II for project final ****
make all 
Info: Building ../final_bsp/
D:/Installation_location/quartus/nios2eds/bin/gnu/H-x86_64-mingw32/bin/make --no-print-directory -C ../final_bsp/
[BSP build complete]
[final build complete]
16:10:48 **** Incremental Build of configuration Nios II for project final_bsp ****
make all 
[BSP build complete]
16:11:04 **** Incremental Build of configuration Nios II for project final ****
make all 
Info: Building ../final_bsp/
D:/Installation_location/quartus/nios2eds/bin/gnu/H-x86_64-mingw32/bin/make --no-print-directory -C ../final_bsp/
[BSP build complete]
[final build complete]
16:18:11 **** Incremental Build of configuration Nios II for project final ****
make all 
Info: Building ../final_bsp/
D:/Installation_location/quartus/nios2eds/bin/gnu/H-x86_64-mingw32/bin/make --no-print-directory -C ../final_bsp/
[BSP build complete]
[final build complete]
16:18:12 **** Incremental Build of configuration Nios II for project final_bsp ****
make all 
[BSP build complete]
16:18:23 **** Incremental Build of configuration Nios II for project final ****
make all 
Info: Building ../final_bsp/
D:/Installation_location/quartus/nios2eds/bin/gnu/H-x86_64-mingw32/bin/make --no-print-directory -C ../final_bsp/
[BSP build complete]
[final build complete]
16:23:16 **** Incremental Build of configuration Nios II for project final ****
make all 
Info: Building ../final_bsp/
D:/Installation_location/quartus/nios2eds/bin/gnu/H-x86_64-mingw32/bin/make --no-print-directory -C ../final_bsp/
[BSP build complete]
[final build complete]
16:23:17 **** Incremental Build of configuration Nios II for project final_bsp ****
make all 
[BSP build complete]
16:24:14 **** Incremental Build of configuration Nios II for project final ****
make all 
Info: Building ../final_bsp/
D:/Installation_location/quartus/nios2eds/bin/gnu/H-x86_64-mingw32/bin/make --no-print-directory -C ../final_bsp/
[BSP build complete]
[final build complete]
16:24:15 **** Incremental Build of configuration Nios II for project final_bsp ****
make all 
[BSP build complete]
16:24:28 **** Incremental Build of configuration Nios II for project final ****
make all 
Info: Building ../final_bsp/
D:/Installation_location/quartus/nios2eds/bin/gnu/H-x86_64-mingw32/bin/make --no-print-directory -C ../final_bsp/
[BSP build complete]
[final build complete]
16:28:39 **** Incremental Build of configuration Nios II for project final ****
make all 
Info: Building ../final_bsp/
D:/Installation_location/quartus/nios2eds/bin/gnu/H-x86_64-mingw32/bin/make --no-print-directory -C ../final_bsp/
[BSP build complete]
[final build complete]
16:28:40 **** Incremental Build of configuration Nios II for project final_bsp ****
make all 
[BSP build complete]
16:28:48 **** Incremental Build of configuration Nios II for project final ****
make all 
Info: Building ../final_bsp/
D:/Installation_location/quartus/nios2eds/bin/gnu/H-x86_64-mingw32/bin/make --no-print-directory -C ../final_bsp/
[BSP build complete]
[final build complete]
20:06:20 **** Incremental Build of configuration Nios II for project final ****
make all 
Info: Building ../final_bsp/
D:/Installation_location/quartus/nios2eds/bin/gnu/H-x86_64-mingw32/bin/make --no-print-directory -C ../final_bsp/
[BSP build complete]
[final build complete]
20:11:21 **** Incremental Build of configuration Nios II for project final ****
make all 
Info: Building ../final_bsp/
D:/Installation_location/quartus/nios2eds/bin/gnu/H-x86_64-mingw32/bin/make --no-print-directory -C ../final_bsp/
[BSP build complete]
[final build complete]
20:11:22 **** Incremental Build of configuration Nios II for project final_bsp ****
make all 
[BSP build complete]
20:11:35 **** Incremental Build of configuration Nios II for project final ****
make all 
Info: Building ../final_bsp/
D:/Installation_location/quartus/nios2eds/bin/gnu/H-x86_64-mingw32/bin/make --no-print-directory -C ../final_bsp/
[BSP build complete]
[final build complete]
17:42:29 **** Incremental Build of configuration Nios II for project final ****
make all 
Info: Building ../final_bsp/
D:/Installation_location/quartus/nios2eds/bin/gnu/H-x86_64-mingw32/bin/make --no-print-directory -C ../final_bsp/
[BSP build complete]
[final build complete]
17:42:31 **** Incremental Build of configuration Nios II for project final_bsp ****
make all 
[BSP build complete]
17:42:38 **** Incremental Build of configuration Nios II for project final ****
make all 
Info: Building ../final_bsp/
D:/Installation_location/quartus/nios2eds/bin/gnu/H-x86_64-mingw32/bin/make --no-print-directory -C ../final_bsp/
[BSP build complete]
[final build complete]
17:42:47 **** Incremental Build of configuration Nios II for project final ****
make all 
Info: Building ../final_bsp/
D:/Installation_location/quartus/nios2eds/bin/gnu/H-x86_64-mingw32/bin/make --no-print-directory -C ../final_bsp/
[BSP build complete]
[final build complete]
17:42:48 **** Incremental Build of configuration Nios II for project final_bsp ****
make all 
[BSP build complete]
17:43:06 **** Incremental Build of configuration Nios II for project final ****
make all 
Info: Building ../final_bsp/
D:/Installation_location/quartus/nios2eds/bin/gnu/H-x86_64-mingw32/bin/make --no-print-directory -C ../final_bsp/
[BSP build complete]
[final build complete]
17:44:00 **** Incremental Build of configuration Nios II for project final ****
make all 
Info: Building ../final_bsp/
D:/Installation_location/quartus/nios2eds/bin/gnu/H-x86_64-mingw32/bin/make --no-print-directory -C ../final_bsp/
[BSP build complete]
[final build complete]
17:44:01 **** Incremental Build of configuration Nios II for project final_bsp ****
make all 
[BSP build complete]
17:55:06 **** Incremental Build of configuration Nios II for project final ****
make all 
Info: Building ../final_bsp/
D:/Installation_location/quartus/nios2eds/bin/gnu/H-x86_64-mingw32/bin/make --no-print-directory -C ../final_bsp/
[BSP build complete]
[final build complete]
17:55:07 **** Incremental Build of configuration Nios II for project final_bsp ****
make all 
[BSP build complete]
17:55:17 **** Incremental Build of configuration Nios II for project final ****
make all 
Info: Building ../final_bsp/
D:/Installation_location/quartus/nios2eds/bin/gnu/H-x86_64-mingw32/bin/make --no-print-directory -C ../final_bsp/
[BSP build complete]
[final build complete]
18:13:38 **** Incremental Build of configuration Nios II for project final ****
make all 
Info: Building ../final_bsp/
D:/Installation_location/quartus/nios2eds/bin/gnu/H-x86_64-mingw32/bin/make --no-print-directory -C ../final_bsp/
[BSP build complete]
[final build complete]
18:13:39 **** Incremental Build of configuration Nios II for project final_bsp ****
make all 
[BSP build complete]
18:13:57 **** Incremental Build of configuration Nios II for project final ****
make all 
Info: Building ../final_bsp/
D:/Installation_location/quartus/nios2eds/bin/gnu/H-x86_64-mingw32/bin/make --no-print-directory -C ../final_bsp/
[BSP build complete]
[final build complete]
18:13:58 **** Incremental Build of configuration Nios II for project final_bsp ****
make all 
[BSP build complete]
18:15:20 **** Incremental Build of configuration Nios II for project final ****
make all 
Info: Building ../final_bsp/
D:/Installation_location/quartus/nios2eds/bin/gnu/H-x86_64-mingw32/bin/make --no-print-directory -C ../final_bsp/
[BSP build complete]
[final build complete]
18:15:21 **** Incremental Build of configuration Nios II for project final_bsp ****
make all 
[BSP build complete]
18:15:29 **** Incremental Build of configuration Nios II for project final ****
make all 
Info: Building ../final_bsp/
D:/Installation_location/quartus/nios2eds/bin/gnu/H-x86_64-mingw32/bin/make --no-print-directory -C ../final_bsp/
[BSP build complete]
[final build complete]
18:22:32 **** Incremental Build of configuration Nios II for project final ****
make all 
Info: Building ../final_bsp/
D:/Installation_location/quartus/nios2eds/bin/gnu/H-x86_64-mingw32/bin/make --no-print-directory -C ../final_bsp/
[BSP build complete]
[final build complete]
18:22:33 **** Incremental Build of configuration Nios II for project final_bsp ****
make all 
[BSP build complete]
18:22:51 **** Incremental Build of configuration Nios II for project final ****
make all 
Info: Building ../final_bsp/
D:/Installation_location/quartus/nios2eds/bin/gnu/H-x86_64-mingw32/bin/make --no-print-directory -C ../final_bsp/
[BSP build complete]
[final build complete]
18:24:10 **** Incremental Build of configuration Nios II for project final ****
make all 
Info: Building ../final_bsp/
D:/Installation_location/quartus/nios2eds/bin/gnu/H-x86_64-mingw32/bin/make --no-print-directory -C ../final_bsp/
[BSP build complete]
[final build complete]
18:24:11 **** Incremental Build of configuration Nios II for project final_bsp ****
make all 
[BSP build complete]
18:25:22 **** Incremental Build of configuration Nios II for project final ****
make all 
Info: Building ../final_bsp/
D:/Installation_location/quartus/nios2eds/bin/gnu/H-x86_64-mingw32/bin/make --no-print-directory -C ../final_bsp/
[BSP build complete]
[final build complete]
18:25:23 **** Incremental Build of configuration Nios II for project final_bsp ****
make all 
[BSP build complete]
18:25:46 **** Incremental Build of configuration Nios II for project final ****
make all 
Info: Building ../final_bsp/
D:/Installation_location/quartus/nios2eds/bin/gnu/H-x86_64-mingw32/bin/make --no-print-directory -C ../final_bsp/
[BSP build complete]
[final build complete]
18:43:13 **** Incremental Build of configuration Nios II for project final ****
make all 
Info: Building ../final_bsp/
D:/Installation_location/quartus/nios2eds/bin/gnu/H-x86_64-mingw32/bin/make --no-print-directory -C ../final_bsp/
[BSP build complete]
[final build complete]
18:43:14 **** Incremental Build of configuration Nios II for project final_bsp ****
make all 
[BSP build complete]
18:43:25 **** Incremental Build of configuration Nios II for project final ****
make all 
Info: Building ../final_bsp/
D:/Installation_location/quartus/nios2eds/bin/gnu/H-x86_64-mingw32/bin/make --no-print-directory -C ../final_bsp/
[BSP build complete]
[final build complete]
18:50:29 **** Incremental Build of configuration Nios II for project final ****
make all 
Info: Building ../final_bsp/
D:/Installation_location/quartus/nios2eds/bin/gnu/H-x86_64-mingw32/bin/make --no-print-directory -C ../final_bsp/
[BSP build complete]
[final build complete]
18:50:30 **** Incremental Build of configuration Nios II for project final_bsp ****
make all 
[BSP build complete]
18:50:38 **** Incremental Build of configuration Nios II for project final ****
make all 
Info: Building ../final_bsp/
D:/Installation_location/quartus/nios2eds/bin/gnu/H-x86_64-mingw32/bin/make --no-print-directory -C ../final_bsp/
[BSP build complete]
[final build complete]
19:19:31 **** Incremental Build of configuration Nios II for project final ****
make all 
Info: Building ../final_bsp/
D:/Installation_location/quartus/nios2eds/bin/gnu/H-x86_64-mingw32/bin/make --no-print-directory -C ../final_bsp/
[BSP build complete]
[final build complete]
19:19:32 **** Incremental Build of configuration Nios II for project final_bsp ****
make all 
[BSP build complete]
19:19:42 **** Incremental Build of configuration Nios II for project final ****
make all 
Info: Building ../final_bsp/
D:/Installation_location/quartus/nios2eds/bin/gnu/H-x86_64-mingw32/bin/make --no-print-directory -C ../final_bsp/
[BSP build complete]
[final build complete]
19:20:09 **** Incremental Build of configuration Nios II for project final ****
make all 
Info: Building ../final_bsp/
D:/Installation_location/quartus/nios2eds/bin/gnu/H-x86_64-mingw32/bin/make --no-print-directory -C ../final_bsp/
[BSP build complete]
[final build complete]
19:20:10 **** Incremental Build of configuration Nios II for project final_bsp ****
make all 
[BSP build complete]
19:20:18 **** Incremental Build of configuration Nios II for project final ****
make all 
Info: Building ../final_bsp/
D:/Installation_location/quartus/nios2eds/bin/gnu/H-x86_64-mingw32/bin/make --no-print-directory -C ../final_bsp/
[BSP build complete]
[final build complete]
19:24:17 **** Incremental Build of configuration Nios II for project final ****
make all 
Info: Building ../final_bsp/
D:/Installation_location/quartus/nios2eds/bin/gnu/H-x86_64-mingw32/bin/make --no-print-directory -C ../final_bsp/
[BSP build complete]
[final build complete]
19:24:17 **** Incremental Build of configuration Nios II for project final_bsp ****
make all 
[BSP build complete]
19:24:38 **** Incremental Build of configuration Nios II for project final ****
make all 
Info: Building ../final_bsp/
D:/Installation_location/quartus/nios2eds/bin/gnu/H-x86_64-mingw32/bin/make --no-print-directory -C ../final_bsp/
[BSP build complete]
[final build complete]
19:24:39 **** Incremental Build of configuration Nios II for project final_bsp ****
make all 
[BSP build complete]
19:25:30 **** Incremental Build of configuration Nios II for project final ****
make all 
Info: Building ../final_bsp/
D:/Installation_location/quartus/nios2eds/bin/gnu/H-x86_64-mingw32/bin/make --no-print-directory -C ../final_bsp/
[BSP build complete]
[final build complete]
19:25:31 **** Incremental Build of configuration Nios II for project final_bsp ****
make all 
[BSP build complete]
19:25:39 **** Incremental Build of configuration Nios II for project final ****
make all 
Info: Building ../final_bsp/
D:/Installation_location/quartus/nios2eds/bin/gnu/H-x86_64-mingw32/bin/make --no-print-directory -C ../final_bsp/
[BSP build complete]
[final build complete]
19:29:18 **** Incremental Build of configuration Nios II for project final ****
make all 
Info: Building ../final_bsp/
D:/Installation_location/quartus/nios2eds/bin/gnu/H-x86_64-mingw32/bin/make --no-print-directory -C ../final_bsp/
[BSP build complete]
[final build complete]
19:29:19 **** Incremental Build of configuration Nios II for project final_bsp ****
make all 
[BSP build complete]
19:29:29 **** Incremental Build of configuration Nios II for project final ****
make all 
Info: Building ../final_bsp/
D:/Installation_location/quartus/nios2eds/bin/gnu/H-x86_64-mingw32/bin/make --no-print-directory -C ../final_bsp/
[BSP build complete]
[final build complete]
19:37:07 **** Incremental Build of configuration Nios II for project final ****
make all 
Info: Building ../final_bsp/
D:/Installation_location/quartus/nios2eds/bin/gnu/H-x86_64-mingw32/bin/make --no-print-directory -C ../final_bsp/
[BSP build complete]
[final build complete]
19:37:08 **** Incremental Build of configuration Nios II for project final_bsp ****
make all 
[BSP build complete]
19:37:19 **** Incremental Build of configuration Nios II for project final ****
make all 
Info: Building ../final_bsp/
D:/Installation_location/quartus/nios2eds/bin/gnu/H-x86_64-mingw32/bin/make --no-print-directory -C ../final_bsp/
[BSP build complete]
[final build complete]
19:47:14 **** Incremental Build of configuration Nios II for project final ****
make all 
Info: Building ../final_bsp/
D:/Installation_location/quartus/nios2eds/bin/gnu/H-x86_64-mingw32/bin/make --no-print-directory -C ../final_bsp/
[BSP build complete]
[final build complete]
19:47:15 **** Incremental Build of configuration Nios II for project final_bsp ****
make all 
[BSP build complete]
19:47:22 **** Incremental Build of configuration Nios II for project final ****
make all 
Info: Building ../final_bsp/
D:/Installation_location/quartus/nios2eds/bin/gnu/H-x86_64-mingw32/bin/make --no-print-directory -C ../final_bsp/
[BSP build complete]
[final build complete]
19:51:35 **** Incremental Build of configuration Nios II for project final ****
make all 
Info: Building ../final_bsp/
D:/Installation_location/quartus/nios2eds/bin/gnu/H-x86_64-mingw32/bin/make --no-print-directory -C ../final_bsp/
[BSP build complete]
[final build complete]
19:51:36 **** Incremental Build of configuration Nios II for project final_bsp ****
make all 
[BSP build complete]
19:52:23 **** Incremental Build of configuration Nios II for project final ****
make all 
Info: Building ../final_bsp/
D:/Installation_location/quartus/nios2eds/bin/gnu/H-x86_64-mingw32/bin/make --no-print-directory -C ../final_bsp/
[BSP build complete]
[final build complete]
19:52:24 **** Incremental Build of configuration Nios II for project final_bsp ****
make all 
[BSP build complete]
19:52:36 **** Incremental Build of configuration Nios II for project final ****
make all 
Info: Building ../final_bsp/
D:/Installation_location/quartus/nios2eds/bin/gnu/H-x86_64-mingw32/bin/make --no-print-directory -C ../final_bsp/
[BSP build complete]
[final build complete]
19:59:47 **** Incremental Build of configuration Nios II for project final ****
make all 
Info: Building ../final_bsp/
D:/Installation_location/quartus/nios2eds/bin/gnu/H-x86_64-mingw32/bin/make --no-print-directory -C ../final_bsp/
[BSP build complete]
[final build complete]
19:59:48 **** Incremental Build of configuration Nios II for project final_bsp ****
make all 
[BSP build complete]
20:00:01 **** Incremental Build of configuration Nios II for project final ****
make all 
Info: Building ../final_bsp/
D:/Installation_location/quartus/nios2eds/bin/gnu/H-x86_64-mingw32/bin/make --no-print-directory -C ../final_bsp/
[BSP build complete]
[final build complete]
20:05:35 **** Incremental Build of configuration Nios II for project final ****
make all 
Info: Building ../final_bsp/
D:/Installation_location/quartus/nios2eds/bin/gnu/H-x86_64-mingw32/bin/make --no-print-directory -C ../final_bsp/
[BSP build complete]
[final build complete]
20:05:36 **** Incremental Build of configuration Nios II for project final_bsp ****
make all 
[BSP build complete]
20:05:45 **** Incremental Build of configuration Nios II for project final ****
make all 
Info: Building ../final_bsp/
D:/Installation_location/quartus/nios2eds/bin/gnu/H-x86_64-mingw32/bin/make --no-print-directory -C ../final_bsp/
[BSP build complete]
[final build complete]
20:09:42 **** Incremental Build of configuration Nios II for project final ****
make all 
Info: Building ../final_bsp/
D:/Installation_location/quartus/nios2eds/bin/gnu/H-x86_64-mingw32/bin/make --no-print-directory -C ../final_bsp/
[BSP build complete]
[final build complete]
20:09:43 **** Incremental Build of configuration Nios II for project final_bsp ****
make all 
[BSP build complete]
20:09:50 **** Incremental Build of configuration Nios II for project final ****
make all 
Info: Building ../final_bsp/
D:/Installation_location/quartus/nios2eds/bin/gnu/H-x86_64-mingw32/bin/make --no-print-directory -C ../final_bsp/
[BSP build complete]
[final build complete]
20:12:35 **** Incremental Build of configuration Nios II for project final ****
make all 
Info: Building ../final_bsp/
D:/Installation_location/quartus/nios2eds/bin/gnu/H-x86_64-mingw32/bin/make --no-print-directory -C ../final_bsp/
[BSP build complete]
[final build complete]
20:12:36 **** Incremental Build of configuration Nios II for project final_bsp ****
make all 
[BSP build complete]
20:13:19 **** Incremental Build of configuration Nios II for project final ****
make all 
Info: Building ../final_bsp/
D:/Installation_location/quartus/nios2eds/bin/gnu/H-x86_64-mingw32/bin/make --no-print-directory -C ../final_bsp/
[BSP build complete]
[final build complete]
20:13:20 **** Incremental Build of configuration Nios II for project final_bsp ****
make all 
[BSP build complete]
20:13:29 **** Incremental Build of configuration Nios II for project final ****
make all 
Info: Building ../final_bsp/
D:/Installation_location/quartus/nios2eds/bin/gnu/H-x86_64-mingw32/bin/make --no-print-directory -C ../final_bsp/
[BSP build complete]
[final build complete]
20:17:19 **** Incremental Build of configuration Nios II for project final ****
make all 
Info: Building ../final_bsp/
D:/Installation_location/quartus/nios2eds/bin/gnu/H-x86_64-mingw32/bin/make --no-print-directory -C ../final_bsp/
[BSP build complete]
[final build complete]
20:17:20 **** Incremental Build of configuration Nios II for project final_bsp ****
make all 
[BSP build complete]
20:17:28 **** Incremental Build of configuration Nios II for project final ****
make all 
Info: Building ../final_bsp/
D:/Installation_location/quartus/nios2eds/bin/gnu/H-x86_64-mingw32/bin/make --no-print-directory -C ../final_bsp/
[BSP build complete]
[final build complete]
20:23:02 **** Incremental Build of configuration Nios II for project final ****
make all 
Info: Building ../final_bsp/
D:/Installation_location/quartus/nios2eds/bin/gnu/H-x86_64-mingw32/bin/make --no-print-directory -C ../final_bsp/
[BSP build complete]
[final build complete]
20:23:03 **** Incremental Build of configuration Nios II for project final_bsp ****
make all 
[BSP build complete]
20:23:12 **** Incremental Build of configuration Nios II for project final ****
make all 
Info: Building ../final_bsp/
D:/Installation_location/quartus/nios2eds/bin/gnu/H-x86_64-mingw32/bin/make --no-print-directory -C ../final_bsp/
[BSP build complete]
[final build complete]
20:26:24 **** Incremental Build of configuration Nios II for project final ****
make all 
Info: Building ../final_bsp/
D:/Installation_location/quartus/nios2eds/bin/gnu/H-x86_64-mingw32/bin/make --no-print-directory -C ../final_bsp/
[BSP build complete]
[final build complete]
20:26:25 **** Incremental Build of configuration Nios II for project final_bsp ****
make all 
[BSP build complete]
20:26:43 **** Incremental Build of configuration Nios II for project final ****
make all 
Info: Building ../final_bsp/
D:/Installation_location/quartus/nios2eds/bin/gnu/H-x86_64-mingw32/bin/make --no-print-directory -C ../final_bsp/
[BSP build complete]
[final build complete]
20:32:15 **** Incremental Build of configuration Nios II for project final ****
make all 
Info: Building ../final_bsp/
D:/Installation_location/quartus/nios2eds/bin/gnu/H-x86_64-mingw32/bin/make --no-print-directory -C ../final_bsp/
[BSP build complete]
[final build complete]
20:32:16 **** Incremental Build of configuration Nios II for project final_bsp ****
make all 
[BSP build complete]
20:33:05 **** Incremental Build of configuration Nios II for project final ****
make all 
Info: Building ../final_bsp/
D:/Installation_location/quartus/nios2eds/bin/gnu/H-x86_64-mingw32/bin/make --no-print-directory -C ../final_bsp/
[BSP build complete]
[final build complete]
20:33:06 **** Incremental Build of configuration Nios II for project final_bsp ****
make all 
[BSP build complete]
20:33:17 **** Incremental Build of configuration Nios II for project final ****
make all 
Info: Building ../final_bsp/
D:/Installation_location/quartus/nios2eds/bin/gnu/H-x86_64-mingw32/bin/make --no-print-directory -C ../final_bsp/
[BSP build complete]
[final build complete]
20:36:57 **** Incremental Build of configuration Nios II for project final ****
make all 
Info: Building ../final_bsp/
D:/Installation_location/quartus/nios2eds/bin/gnu/H-x86_64-mingw32/bin/make --no-print-directory -C ../final_bsp/
[BSP build complete]
[final build complete]
20:36:58 **** Incremental Build of configuration Nios II for project final_bsp ****
make all 
[BSP build complete]
20:37:08 **** Incremental Build of configuration Nios II for project final ****
make all 
Info: Building ../final_bsp/
D:/Installation_location/quartus/nios2eds/bin/gnu/H-x86_64-mingw32/bin/make --no-print-directory -C ../final_bsp/
[BSP build complete]
[final build complete]
20:42:24 **** Incremental Build of configuration Nios II for project final ****
make all 
Info: Building ../final_bsp/
D:/Installation_location/quartus/nios2eds/bin/gnu/H-x86_64-mingw32/bin/make --no-print-directory -C ../final_bsp/
[BSP build complete]
[final build complete]
20:42:25 **** Incremental Build of configuration Nios II for project final_bsp ****
make all 
[BSP build complete]
20:42:33 **** Incremental Build of configuration Nios II for project final ****
make all 
Info: Building ../final_bsp/
D:/Installation_location/quartus/nios2eds/bin/gnu/H-x86_64-mingw32/bin/make --no-print-directory -C ../final_bsp/
[BSP build complete]
[final build complete]
20:46:44 **** Incremental Build of configuration Nios II for project final ****
make all 
Info: Building ../final_bsp/
D:/Installation_location/quartus/nios2eds/bin/gnu/H-x86_64-mingw32/bin/make --no-print-directory -C ../final_bsp/
[BSP build complete]
[final build complete]
20:46:45 **** Incremental Build of configuration Nios II for project final_bsp ****
make all 
[BSP build complete]
20:46:57 **** Incremental Build of configuration Nios II for project final ****
make all 
Info: Building ../final_bsp/
D:/Installation_location/quartus/nios2eds/bin/gnu/H-x86_64-mingw32/bin/make --no-print-directory -C ../final_bsp/
[BSP build complete]
[final build complete]
20:50:09 **** Incremental Build of configuration Nios II for project final ****
make all 
Info: Building ../final_bsp/
D:/Installation_location/quartus/nios2eds/bin/gnu/H-x86_64-mingw32/bin/make --no-print-directory -C ../final_bsp/
[BSP build complete]
[final build complete]
20:50:10 **** Incremental Build of configuration Nios II for project final_bsp ****
make all 
[BSP build complete]
20:50:43 **** Incremental Build of configuration Nios II for project final ****
make all 
Info: Building ../final_bsp/
D:/Installation_location/quartus/nios2eds/bin/gnu/H-x86_64-mingw32/bin/make --no-print-directory -C ../final_bsp/
[BSP build complete]
[final build complete]
20:50:44 **** Incremental Build of configuration Nios II for project final_bsp ****
make all 
[BSP build complete]
20:50:53 **** Incremental Build of configuration Nios II for project final ****
make all 
Info: Building ../final_bsp/
D:/Installation_location/quartus/nios2eds/bin/gnu/H-x86_64-mingw32/bin/make --no-print-directory -C ../final_bsp/
[BSP build complete]
[final build complete]
20:54:42 **** Incremental Build of configuration Nios II for project final ****
make all 
Info: Building ../final_bsp/
D:/Installation_location/quartus/nios2eds/bin/gnu/H-x86_64-mingw32/bin/make --no-print-directory -C ../final_bsp/
[BSP build complete]
[final build complete]
20:54:43 **** Incremental Build of configuration Nios II for project final_bsp ****
make all 
[BSP build complete]
20:54:55 **** Incremental Build of configuration Nios II for project final ****
make all 
Info: Building ../final_bsp/
D:/Installation_location/quartus/nios2eds/bin/gnu/H-x86_64-mingw32/bin/make --no-print-directory -C ../final_bsp/
[BSP build complete]
[final build complete]
20:58:19 **** Incremental Build of configuration Nios II for project final ****
make all 
Info: Building ../final_bsp/
D:/Installation_location/quartus/nios2eds/bin/gnu/H-x86_64-mingw32/bin/make --no-print-directory -C ../final_bsp/
[BSP build complete]
[final build complete]
20:58:20 **** Incremental Build of configuration Nios II for project final_bsp ****
make all 
[BSP build complete]
20:58:33 **** Incremental Build of configuration Nios II for project final ****
make all 
Info: Building ../final_bsp/
D:/Installation_location/quartus/nios2eds/bin/gnu/H-x86_64-mingw32/bin/make --no-print-directory -C ../final_bsp/
[BSP build complete]
[final build complete]
21:04:27 **** Incremental Build of configuration Nios II for project final ****
make all 
Info: Building ../final_bsp/
D:/Installation_location/quartus/nios2eds/bin/gnu/H-x86_64-mingw32/bin/make --no-print-directory -C ../final_bsp/
[BSP build complete]
[final build complete]
21:04:28 **** Incremental Build of configuration Nios II for project final_bsp ****
make all 
[BSP build complete]
21:04:38 **** Incremental Build of configuration Nios II for project final ****
make all 
Info: Building ../final_bsp/
D:/Installation_location/quartus/nios2eds/bin/gnu/H-x86_64-mingw32/bin/make --no-print-directory -C ../final_bsp/
[BSP build complete]
[final build complete]
21:15:26 **** Incremental Build of configuration Nios II for project final ****
make all 
Info: Building ../final_bsp/
D:/Installation_location/quartus/nios2eds/bin/gnu/H-x86_64-mingw32/bin/make --no-print-directory -C ../final_bsp/
[BSP build complete]
[final build complete]
21:15:27 **** Incremental Build of configuration Nios II for project final_bsp ****
make all 
[BSP build complete]
21:15:42 **** Incremental Build of configuration Nios II for project final ****
make all 
Info: Building ../final_bsp/
D:/Installation_location/quartus/nios2eds/bin/gnu/H-x86_64-mingw32/bin/make --no-print-directory -C ../final_bsp/
[BSP build complete]
[final build complete]
21:23:49 **** Incremental Build of configuration Nios II for project final ****
make all 
Info: Building ../final_bsp/
D:/Installation_location/quartus/nios2eds/bin/gnu/H-x86_64-mingw32/bin/make --no-print-directory -C ../final_bsp/
[BSP build complete]
[final build complete]
21:23:50 **** Incremental Build of configuration Nios II for project final_bsp ****
make all 
[BSP build complete]
21:23:58 **** Incremental Build of configuration Nios II for project final ****
make all 
Info: Building ../final_bsp/
D:/Installation_location/quartus/nios2eds/bin/gnu/H-x86_64-mingw32/bin/make --no-print-directory -C ../final_bsp/
[BSP build complete]
[final build complete]
21:38:03 **** Incremental Build of configuration Nios II for project final ****
make all 
Info: Building ../final_bsp/
D:/Installation_location/quartus/nios2eds/bin/gnu/H-x86_64-mingw32/bin/make --no-print-directory -C ../final_bsp/
[BSP build complete]
[final build complete]
21:38:04 **** Incremental Build of configuration Nios II for project final_bsp ****
make all 
[BSP build complete]
21:38:13 **** Incremental Build of configuration Nios II for project final ****
make all 
Info: Building ../final_bsp/
D:/Installation_location/quartus/nios2eds/bin/gnu/H-x86_64-mingw32/bin/make --no-print-directory -C ../final_bsp/
[BSP build complete]
[final build complete]
21:44:18 **** Incremental Build of configuration Nios II for project final ****
make all 
Info: Building ../final_bsp/
D:/Installation_location/quartus/nios2eds/bin/gnu/H-x86_64-mingw32/bin/make --no-print-directory -C ../final_bsp/
[BSP build complete]
[final build complete]
21:44:19 **** Incremental Build of configuration Nios II for project final_bsp ****
make all 
[BSP build complete]
21:44:32 **** Incremental Build of configuration Nios II for project final ****
make all 
Info: Building ../final_bsp/
D:/Installation_location/quartus/nios2eds/bin/gnu/H-x86_64-mingw32/bin/make --no-print-directory -C ../final_bsp/
[BSP build complete]
[final build complete]
21:44:33 **** Incremental Build of configuration Nios II for project final_bsp ****
make all 
[BSP build complete]
21:44:40 **** Incremental Build of configuration Nios II for project final ****
make all 
Info: Building ../final_bsp/
D:/Installation_location/quartus/nios2eds/bin/gnu/H-x86_64-mingw32/bin/make --no-print-directory -C ../final_bsp/
[BSP build complete]
[final build complete]
21:48:32 **** Incremental Build of configuration Nios II for project final ****
make all 
Info: Building ../final_bsp/
D:/Installation_location/quartus/nios2eds/bin/gnu/H-x86_64-mingw32/bin/make --no-print-directory -C ../final_bsp/
[BSP build complete]
[final build complete]
21:48:33 **** Incremental Build of configuration Nios II for project final_bsp ****
make all 
[BSP build complete]
21:49:29 **** Incremental Build of configuration Nios II for project final ****
make all 
Info: Building ../final_bsp/
D:/Installation_location/quartus/nios2eds/bin/gnu/H-x86_64-mingw32/bin/make --no-print-directory -C ../final_bsp/
[BSP build complete]
[final build complete]
21:49:30 **** Incremental Build of configuration Nios II for project final_bsp ****
make all 
[BSP build complete]
21:49:38 **** Incremental Build of configuration Nios II for project final ****
make all 
Info: Building ../final_bsp/
D:/Installation_location/quartus/nios2eds/bin/gnu/H-x86_64-mingw32/bin/make --no-print-directory -C ../final_bsp/
[BSP build complete]
[final build complete]
16:31:36 **** Incremental Build of configuration Nios II for project final ****
make all 
Info: Building ../final_bsp/
D:/Installation_location/quartus/nios2eds/bin/gnu/H-x86_64-mingw32/bin/make --no-print-directory -C ../final_bsp/
[BSP build complete]
[final build complete]
16:36:51 **** Incremental Build of configuration Nios II for project final ****
make all 
Info: Building ../final_bsp/
D:/Installation_location/quartus/nios2eds/bin/gnu/H-x86_64-mingw32/bin/make --no-print-directory -C ../final_bsp/
[BSP build complete]
[final build complete]
16:36:52 **** Build of configuration Nios II for project final_bsp ****
make all 
[BSP build complete]
16:37:06 **** Incremental Build of configuration Nios II for project final ****
make all 
Info: Building ../final_bsp/
D:/Installation_location/quartus/nios2eds/bin/gnu/H-x86_64-mingw32/bin/make --no-print-directory -C ../final_bsp/
[BSP build complete]
[final build complete]
16:40:47 **** Incremental Build of configuration Nios II for project final ****
make all 
Info: Building ../final_bsp/
D:/Installation_location/quartus/nios2eds/bin/gnu/H-x86_64-mingw32/bin/make --no-print-directory -C ../final_bsp/
[BSP build complete]
[final build complete]
16:40:48 **** Incremental Build of configuration Nios II for project final_bsp ****
make all 
[BSP build complete]
16:40:59 **** Incremental Build of configuration Nios II for project final ****
make all 
Info: Building ../final_bsp/
D:/Installation_location/quartus/nios2eds/bin/gnu/H-x86_64-mingw32/bin/make --no-print-directory -C ../final_bsp/
[BSP build complete]
[final build complete]
16:46:09 **** Incremental Build of configuration Nios II for project final ****
make all 
Info: Building ../final_bsp/
D:/Installation_location/quartus/nios2eds/bin/gnu/H-x86_64-mingw32/bin/make --no-print-directory -C ../final_bsp/
[BSP build complete]
[final build complete]
16:46:10 **** Incremental Build of configuration Nios II for project final_bsp ****
make all 
[BSP build complete]
16:46:19 **** Incremental Build of configuration Nios II for project final ****
make all 
Info: Building ../final_bsp/
D:/Installation_location/quartus/nios2eds/bin/gnu/H-x86_64-mingw32/bin/make --no-print-directory -C ../final_bsp/
[BSP build complete]
[final build complete]
19:13:22 **** Incremental Build of configuration Nios II for project final ****
make all 
Info: Building ../final_bsp/
D:/Installation_location/quartus/nios2eds/bin/gnu/H-x86_64-mingw32/bin/make --no-print-directory -C ../final_bsp/
[BSP build complete]
[final build complete]
20:02:57 **** Incremental Build of configuration Nios II for project final ****
make all 
Info: Building ../final_bsp/
D:/Installation_location/quartus/nios2eds/bin/gnu/H-x86_64-mingw32/bin/make --no-print-directory -C ../final_bsp/
[BSP build complete]
[final build complete]
20:02:58 **** Incremental Build of configuration Nios II for project final_bsp ****
make all 
[BSP build complete]
20:03:06 **** Incremental Build of configuration Nios II for project final ****
make all 
Info: Building ../final_bsp/
D:/Installation_location/quartus/nios2eds/bin/gnu/H-x86_64-mingw32/bin/make --no-print-directory -C ../final_bsp/
[BSP build complete]
[final build complete]
20:05:21 **** Incremental Build of configuration Nios II for project final ****
make all 
Info: Building ../final_bsp/
D:/Installation_location/quartus/nios2eds/bin/gnu/H-x86_64-mingw32/bin/make --no-print-directory -C ../final_bsp/
[BSP build complete]
[final build complete]
20:05:22 **** Incremental Build of configuration Nios II for project final_bsp ****
make all 
[BSP build complete]
20:05:33 **** Incremental Build of configuration Nios II for project final ****
make all 
Info: Building ../final_bsp/
D:/Installation_location/quartus/nios2eds/bin/gnu/H-x86_64-mingw32/bin/make --no-print-directory -C ../final_bsp/
[BSP build complete]
[final build complete]
22:30:11 **** Incremental Build of configuration Nios II for project final ****
make all 
Info: Building ../final_bsp/
D:/Installation_location/quartus/nios2eds/bin/gnu/H-x86_64-mingw32/bin/make --no-print-directory -C ../final_bsp/
[BSP build complete]
[final build complete]
22:30:12 **** Incremental Build of configuration Nios II for project final_bsp ****
make all 
[BSP build complete]
22:30:24 **** Incremental Build of configuration Nios II for project final ****
make all 
Info: Building ../final_bsp/
D:/Installation_location/quartus/nios2eds/bin/gnu/H-x86_64-mingw32/bin/make --no-print-directory -C ../final_bsp/
[BSP build complete]
[final build complete]
22:35:55 **** Incremental Build of configuration Nios II for project final ****
make all 
Info: Building ../final_bsp/
D:/Installation_location/quartus/nios2eds/bin/gnu/H-x86_64-mingw32/bin/make --no-print-directory -C ../final_bsp/
[BSP build complete]
[final build complete]
22:35:56 **** Incremental Build of configuration Nios II for project final_bsp ****
make all 
[BSP build complete]
22:36:03 **** Incremental Build of configuration Nios II for project final ****
make all 
Info: Building ../final_bsp/
D:/Installation_location/quartus/nios2eds/bin/gnu/H-x86_64-mingw32/bin/make --no-print-directory -C ../final_bsp/
[BSP build complete]
[final build complete]
22:36:34 **** Incremental Build of configuration Nios II for project final ****
make all 
Info: Building ../final_bsp/
D:/Installation_location/quartus/nios2eds/bin/gnu/H-x86_64-mingw32/bin/make --no-print-directory -C ../final_bsp/
[BSP build complete]
[final build complete]
22:36:35 **** Incremental Build of configuration Nios II for project final_bsp ****
make all 
[BSP build complete]
22:36:43 **** Incremental Build of configuration Nios II for project final ****
make all 
Info: Building ../final_bsp/
D:/Installation_location/quartus/nios2eds/bin/gnu/H-x86_64-mingw32/bin/make --no-print-directory -C ../final_bsp/
[BSP build complete]
[final build complete]
22:42:56 **** Incremental Build of configuration Nios II for project final ****
make all 
Info: Building ../final_bsp/
D:/Installation_location/quartus/nios2eds/bin/gnu/H-x86_64-mingw32/bin/make --no-print-directory -C ../final_bsp/
[BSP build complete]
[final build complete]
22:42:57 **** Incremental Build of configuration Nios II for project final_bsp ****
make all 
[BSP build complete]
22:43:04 **** Incremental Build of configuration Nios II for project final ****
make all 
Info: Building ../final_bsp/
D:/Installation_location/quartus/nios2eds/bin/gnu/H-x86_64-mingw32/bin/make --no-print-directory -C ../final_bsp/
[BSP build complete]
[final build complete]
22:51:22 **** Incremental Build of configuration Nios II for project final ****
make all 
Info: Building ../final_bsp/
D:/Installation_location/quartus/nios2eds/bin/gnu/H-x86_64-mingw32/bin/make --no-print-directory -C ../final_bsp/
[BSP build complete]
[final build complete]
22:51:23 **** Incremental Build of configuration Nios II for project final_bsp ****
make all 
[BSP build complete]
22:52:11 **** Incremental Build of configuration Nios II for project final ****
make all 
Info: Building ../final_bsp/
D:/Installation_location/quartus/nios2eds/bin/gnu/H-x86_64-mingw32/bin/make --no-print-directory -C ../final_bsp/
[BSP build complete]
[final build complete]
22:52:12 **** Incremental Build of configuration Nios II for project final_bsp ****
make all 
[BSP build complete]
22:52:27 **** Incremental Build of configuration Nios II for project final ****
make all 
Info: Building ../final_bsp/
D:/Installation_location/quartus/nios2eds/bin/gnu/H-x86_64-mingw32/bin/make --no-print-directory -C ../final_bsp/
[BSP build complete]
[final build complete]
